2017-01-18: 降低purge 和ac日志级别
2017-01-18: mse 检查X-Proxy-Cache 为off 直接返回502
2017-01-18: uce开启purge proxy pass时响应状态强制改为200
2017-01-18: 请求经过uce时如果没有header中没有cache key，会自动增加上去，适应mse的header检查
2017-01-18: 修复增加mse功能时引入的uce.listen路径错误导致purge不可用的问题
2017-01-18: 增加ssl证书配置逻辑，配套scc_agent 1.1.0.3及以上版本
2017-01-16: 添加mse配置，配套openlb 0.2.0.45及以上版本
2017-01-04: 添加mse组件
2016-12-14: 去掉 4xx 5xx 时页面文件中的openresty

2016-10-19: 发布1.5.0版本
2016-12-06: 修复因获取目录类型错误导致无法删除cache文件的问题
2016-12-01: 健康检查添加https

2016-10-19: 发布1.4.2版本 
2016-11-03: 精准调度的url解析部分移到lbf
2016-11-03: ag解密相关 
2016-11-03: proxy pass使用$uri和$args
2016-11-03: 认证支持重试
2016-11-03: 支持异步接口进行阻断和限速
2016-11-03: 增加body filter
2016-11-03: 限速移到hsm做
2016-10-20: 添加ts文件请求对于参数的认证，根据对应的m3u8文件中的参数做对比
2016-10-19: 修复mp4 seek返回4xx 5xx 时lbf日志没有channel问题

2016-10-19: 发布1.2.4.4版本 
2016-10-19: 增加mp4 seek错误日志
2016-10-19: 优化mp4 seek代码结构，增加注释
2016-10-19: 修复mp4 seek当uce无法连接时客户断无法正常断开连接问题

2016-10-18: 发布1.2.4.3版本 
2016-10-18: mp4 seek 默认先请求1m数据如果无法解析则再请求需要的字节数，提高小文件响应速度
2016-10-18: 修改change log对uce缓存大小的描述错误

2016-10-18: 发布1.2.4.2版本 
2016-10-18: ant 版本支持mp4 seek
2016-10-18: UCE缓存红黑树大小调整到128M，coredump大小调整到10G
2016-10-14: 发送purge的时间大于当前时间，修正为当前时间
2016-10-14: 添加ant_auth_info变量，用于根据认证之后返回的解密后的头部(X-Auth-Info)设置相关参数
2016-10-13: 修改ac发送purge策略，第一次发送失败，如果返回403不会重试，其它的失败会再重试5次，最终失败会记录文件
2016-10-13: 修复purge进程当nginx重启之后没有立即退出的问题
2016-10-11: redis添加密码访问

2016-10-11: 发布1.2.4.1版本
2016-10-11: 切片大小通过页面配置，此功能要配合openlb 0.2.0.42及以上版本使用，老版本默认切片大小1m
2016-10-11: 如果没有开启切片默认uce默认在cache key后面追加range
2016-10-10: UCE purge 进程不再一直扫描磁盘，有新的purge请求时才会进行磁盘扫描。
2016-10-10: UCE reload 后purge 会立即终止磁盘遍历并退出。
